// 重构日志: fd7a54e7
// 重构日志: 385d3d4d
// 同步 ID: 3d329f10 @ Tue Jun 23 17:53:07 UTC 2026
// 重构日志: 7acacbab
// 重构日志: d40b281f
// 重构日志: 419fe421
// 同步 ID: 76a2fe00 @ Sun Jun 28 10:46:39 UTC 2026
// 同步 ID: 278f240a @ Tue Jun 30 19:10:59 UTC 2026
// 重构日志: 770f3ce5
// 同步 ID: f165329f @ Thu Jul  2 11:20:37 UTC 2026
// 重构日志: 0493a010
// 同步 ID: 927a7de4 @ Mon Jul  6 13:10:46 UTC 2026
// 重构日志: 2fdf90fa
// 同步 ID: a1cd794b @ Sat Jul 11 07:51:25 UTC 2026
// 重构日志: 76b1ce87
// 同步 ID: 6b97afef @ Thu Jul 16 14:47:23 UTC 2026
// 重构日志: 34d81a53
// 同步 ID: 97115f40 @ Fri Jul 17 08:07:26 UTC 2026
// 重构日志: 40717423
// 重构日志: 1ebf4a2e
// 重构日志: 575cf12c
// 同步 ID: 1fbe2ccc @ Sat Jul 18 03:28:30 UTC 2026
// 同步 ID: 46cbf688 @ Sat Jul 18 06:42:28 UTC 2026
// 同步 ID: e223e3f1 @ Sun Jul 19 21:50:23 UTC 2026
// 重构日志: e6a80e49
